Arguments: 
  /home/jycouet/.volta/tools/image/node/17.4.0/bin/node /home/jycouet/.yarn/bin/yarn.js

PATH: 
  /home/jycouet/.volta/tools/image/npm/8.3.0/bin:/home/jycouet/.volta/tools/image/yarn/1.22.17/bin:/home/jycouet/.volta/tools/image/node/17.4.0/bin:/home/jycouet/.yarn/bin:/home/jycouet/.config/yarn/global/node_modules/.bin:/home/jycouet/.volta/bin:/home/jycouet/.vscode-server-insiders/bin/a0da9978b10ae0b9307c7f545b50a8500efff7eb/bin/remote-cli:/home/jycouet/.volta/bin:/home/jycouet/.yarn/bin:/home/jycouet/.config/yarn/global/node_modules/.bin:/home/jycouet/.volta/bin:/usr/local/sbin:/usr/local/bin:/usr/sbin:/usr/bin:/sbin:/bin:/usr/games:/usr/local/games:/usr/lib/wsl/lib:/mnt/c/Program Files/Volta/:/mnt/c/WINDOWS/system32:/mnt/c/WINDOWS:/mnt/c/WINDOWS/System32/Wbem:/mnt/c/WINDOWS/System32/WindowsPowerShell/v1.0/:/mnt/c/WINDOWS/System32/OpenSSH/:/mnt/c/Program Files/dotnet/:/mnt/c/Program Files/Microsoft SQL Server/130/Tools/Binn/:/mnt/c/Program Files/Microsoft SQL Server/Client SDK/ODBC/170/Tools/Binn/:/mnt/c/Program Files/Microsoft SQL Server/140/Tools/Binn/:/mnt/c/Program Files/Git/cmd:/mnt/c/Users/jycou/AppData/Local/Volta/bin:/mnt/c/Users/jycou/AppData/Local/Microsoft/WindowsApps:/mnt/c/Users/jycou/AppData/Local/Programs/Microsoft VS Code Insiders/bin:/mnt/c/Users/jycou/.dotnet/tools:/snap/bin

Yarn version: 
  1.22.17

Node version: 
  17.4.0

Platform: 
  linux x64

Trace: 
  Error: https://registry.yarnpkg.com/@sveltejs%2fauto: Not found
      at Request.params.callback [as _callback] (/home/jycouet/.yarn/lib/cli.js:67029:18)
      at Request.self.callback (/home/jycouet/.yarn/lib/cli.js:140883:22)
      at Request.emit (node:events:520:28)
      at Request.<anonymous> (/home/jycouet/.yarn/lib/cli.js:141855:10)
      at Request.emit (node:events:520:28)
      at IncomingMessage.<anonymous> (/home/jycouet/.yarn/lib/cli.js:141777:12)
      at Object.onceWrapper (node:events:639:28)
      at IncomingMessage.emit (node:events:532:35)
      at endReadableNT (node:internal/streams/readable:1343:12)
      at processTicksAndRejections (node:internal/process/task_queues:83:21)

npm manifest: 
  {
    "name": "kitql-with-graphcms",
    "version": "0.0.1",
    "scripts": {
      "prepare": "yarn gen",
      "dev": "svelte-kit dev --port 3777",
      "gen": "graphql-codegen --config ./.graphqlrc.yaml",
      "build": "svelte-kit build",
      "package": "svelte-kit package",
      "preview": "svelte-kit preview",
      "check": "svelte-check --tsconfig ./tsconfig.json",
      "check:watch": "svelte-check --tsconfig ./tsconfig.json --watch",
      "lint": "prettier --ignore-path .gitignore --check --plugin-search-dir=. . && eslint --ignore-path .gitignore .",
      "format": "prettier --ignore-path .gitignore --write --plugin-search-dir=. ."
    },
    "devDependencies": {
      "@kitql/all-in": "0.1.5",
      "@sveltejs/auto": "next",
      "@sveltejs/kit": "next",
      "@typescript-eslint/eslint-plugin": "^5.12.1",
      "@typescript-eslint/parser": "^5.12.1",
      "eslint": "^8.9.0",
      "eslint-config-prettier": "^8.4.0",
      "eslint-plugin-svelte3": "^3.4.0",
      "graphql": "16.3.0",
      "prettier": "^2.5.1",
      "prettier-plugin-svelte": "^2.6.0",
      "svelte": "^3.46.4",
      "svelte-check": "^2.4.5",
      "svelte-preprocess": "^4.10.3",
      "tslib": "^2.3.1",
      "typescript": "^4.5.5"
    },
    "type": "module"
  }

yarn manifest: 
  No manifest

Lockfile: 
  No lockfile
